[0.053s] Invoking command in '/home/shriram/Desktop/ros2_practice/build/custom_plugin': CMAKE_PREFIX_PATH=${CMAKE_PREFIX_PATH}:/home/shriram/Desktop/ros2_practice/install/tform:/home/shriram/Desktop/ros2_practice/install/robot_math:/home/shriram/Desktop/ros2_practice/install/practice:/home/shriram/Desktop/ros2_practice/install/mobile:/home/shriram/Desktop/ros2_practice/install/description:/home/shriram/Desktop/ros2_practice/install/cv_basics:/opt/ros/humble /usr/bin/cmake --build /home/shriram/Desktop/ros2_practice/build/custom_plugin -- -j12 -l12
[1.165s] -- Found ament_cmake: 1.3.5 (/opt/ros/humble/share/ament_cmake/cmake)
[1.165s] -- Found rclcpp: 16.0.5 (/opt/ros/humble/share/rclcpp/cmake)
[1.165s] -- Found rosidl_generator_c: 3.1.5 (/opt/ros/humble/share/rosidl_generator_c/cmake)
[1.165s] -- Found rosidl_adapter: 3.1.5 (/opt/ros/humble/share/rosidl_adapter/cmake)
[1.165s] -- Found rosidl_generator_cpp: 3.1.5 (/opt/ros/humble/share/rosidl_generator_cpp/cmake)
[1.165s] -- Using all available rosidl_typesupport_c: rosidl_typesupport_fastrtps_c;rosidl_typesupport_introspection_c
[1.166s] -- Using all available rosidl_typesupport_cpp: rosidl_typesupport_fastrtps_cpp;rosidl_typesupport_introspection_cpp
[1.166s] -- Found rmw_implementation_cmake: 6.1.1 (/opt/ros/humble/share/rmw_implementation_cmake/cmake)
[1.166s] -- Found rmw_cyclonedds_cpp: 1.3.4 (/opt/ros/humble/share/rmw_cyclonedds_cpp/cmake)
[1.166s] -- Using RMW implementation 'rmw_cyclonedds_cpp' as default
[1.166s] -- Found nav2_costmap_2d: 1.1.9 (/opt/ros/humble/share/nav2_costmap_2d/cmake)
[1.166s] -- Ensuring Eigen3 include directory is part of orocos-kdl CMake target
[1.867s] -- Found nav2_core: 1.1.9 (/opt/ros/humble/share/nav2_core/cmake)
[2.463s] -- Found ament_lint_auto: 0.12.7 (/opt/ros/humble/share/ament_lint_auto/cmake)
[2.536s] -- Added test 'cppcheck' to perform static code analysis on C / C++ code
[2.537s] -- Configured cppcheck include dirs: /home/shriram/Desktop/ros2_practice/src/custom_plugin/include
[2.537s] -- Configured cppcheck exclude dirs and/or files: 
[2.537s] -- Added test 'lint_cmake' to check CMake code style
[2.539s] -- Added test 'uncrustify' to check C / C++ code style
[2.539s] -- Configured uncrustify additional arguments: 
[2.539s] -- Added test 'xmllint' to check XML markup files
[2.541s] -- Configuring done
[2.566s] -- Generating done
[2.570s] -- Build files have been written to: /home/shriram/Desktop/ros2_practice/build/custom_plugin
[2.619s] [ 50%] [32mBuilding CXX object CMakeFiles/stop_bot_action.dir/src/stop_bot_action.cpp.o[0m
[2.631s] [01m[K/home/shriram/Desktop/ros2_practice/src/custom_plugin/src/stop_bot_action.cpp:1:10:[m[K [01;31m[Kfatal error: [m[Kstop_bot_plugin/stop_bot_plugin.hpp: No such file or directory
[2.631s]     1 | #include [01;31m[K"stop_bot_plugin/stop_bot_plugin.hpp"[m[K
[2.631s]       |          [01;31m[K^~~~~~~~~~~~~~~~~~~~~~~~~~~~~~~~~~~~~[m[K
[2.631s] compilation terminated.
[2.632s] gmake[2]: *** [CMakeFiles/stop_bot_action.dir/build.make:76: CMakeFiles/stop_bot_action.dir/src/stop_bot_action.cpp.o] Error 1
[2.632s] gmake[1]: *** [CMakeFiles/Makefile2:137: CMakeFiles/stop_bot_action.dir/all] Error 2
[2.632s] gmake: *** [Makefile:146: all] Error 2
[2.637s] Invoked command in '/home/shriram/Desktop/ros2_practice/build/custom_plugin' returned '2': CMAKE_PREFIX_PATH=${CMAKE_PREFIX_PATH}:/home/shriram/Desktop/ros2_practice/install/tform:/home/shriram/Desktop/ros2_practice/install/robot_math:/home/shriram/Desktop/ros2_practice/install/practice:/home/shriram/Desktop/ros2_practice/install/mobile:/home/shriram/Desktop/ros2_practice/install/description:/home/shriram/Desktop/ros2_practice/install/cv_basics:/opt/ros/humble /usr/bin/cmake --build /home/shriram/Desktop/ros2_practice/build/custom_plugin -- -j12 -l12
