-- Found ament_cmake: 1.3.5 (/opt/ros/humble/share/ament_cmake/cmake)
-- Found rclcpp: 16.0.5 (/opt/ros/humble/share/rclcpp/cmake)
-- Found rosidl_generator_c: 3.1.5 (/opt/ros/humble/share/rosidl_generator_c/cmake)
-- Found rosidl_adapter: 3.1.5 (/opt/ros/humble/share/rosidl_adapter/cmake)
-- Found rosidl_generator_cpp: 3.1.5 (/opt/ros/humble/share/rosidl_generator_cpp/cmake)
-- Using all available rosidl_typesupport_c: rosidl_typesupport_fastrtps_c;rosidl_typesupport_introspection_c
-- Using all available rosidl_typesupport_cpp: rosidl_typesupport_fastrtps_cpp;rosidl_typesupport_introspection_cpp
-- Found rmw_implementation_cmake: 6.1.1 (/opt/ros/humble/share/rmw_implementation_cmake/cmake)
-- Found rmw_cyclonedds_cpp: 1.3.4 (/opt/ros/humble/share/rmw_cyclonedds_cpp/cmake)
-- Using RMW implementation 'rmw_cyclonedds_cpp' as default
-- Found nav2_costmap_2d: 1.1.9 (/opt/ros/humble/share/nav2_costmap_2d/cmake)
-- Ensuring Eigen3 include directory is part of orocos-kdl CMake target
-- Found ament_lint_auto: 0.12.7 (/opt/ros/humble/share/ament_lint_auto/cmake)
-- Added test 'cppcheck' to perform static code analysis on C / C++ code
-- Configured cppcheck include dirs: /home/shriram/Desktop/ros2_practice/src/custom_nav2_costmap_plugin/include
-- Configured cppcheck exclude dirs and/or files: 
-- Added test 'lint_cmake' to check CMake code style
-- Added test 'uncrustify' to check C / C++ code style
-- Configured uncrustify additional arguments: 
-- Added test 'xmllint' to check XML markup files
-- Configuring done
-- Generating done
-- Build files have been written to: /home/shriram/Desktop/ros2_practice/build/custom_nav2_costmap_plugin
[ 50%] [32mBuilding CXX object CMakeFiles/custom_nav2_costmap_plugin_core.dir/src/gradient_layer.cpp.o[0m
In file included from [01m[K/home/shriram/Desktop/ros2_practice/src/custom_nav2_costmap_plugin/src/gradient_layer.cpp:1[m[K:
[01m[K/home/shriram/Desktop/ros2_practice/src/custom_nav2_costmap_plugin/include/custom_nav2_costmap_plugin/gradient_layer.hpp:6:1:[m[K [01;31m[Kerror: [m[Kâ€˜[01m[Kâ€‹[m[Kâ€™ does not name a type
    6 | [01;31m[Kâ€‹[m[K
      |  
[01m[K/home/shriram/Desktop/ros2_practice/src/custom_nav2_costmap_plugin/include/custom_nav2_costmap_plugin/gradient_layer.hpp:47:1:[m[K [01;31m[Kerror: [m[Kâ€˜[01m[Kâ€‹[m[Kâ€™ does not name a type
   47 | [01;31m[Kâ€‹[m[K
      |  
[01m[K/home/shriram/Desktop/ros2_practice/src/custom_nav2_costmap_plugin/src/gradient_layer.cpp:6:1:[m[K [01;31m[Kerror: [m[Kâ€˜[01m[Kâ€‹[m[Kâ€™ does not name a type
    6 | [01;31m[Kâ€‹[m[K
      |  
[01m[K/home/shriram/Desktop/ros2_practice/src/custom_nav2_costmap_plugin/src/gradient_layer.cpp:10:1:[m[K [01;31m[Kerror: [m[Kâ€˜[01m[Kâ€‹[m[Kâ€™ does not name a type
   10 | [01;31m[Kâ€‹[m[K
      |  
[01m[K/home/shriram/Desktop/ros2_practice/src/custom_nav2_costmap_plugin/src/gradient_layer.cpp:143:1:[m[K [01;31m[Kerror: [m[Kâ€˜[01m[Kâ€‹[m[Kâ€™ does not name a type
  143 | [01;31m[Kâ€‹[m[K
      |  
In file included from [01m[K/opt/ros/humble/include/class_loader/class_loader/class_loader.hpp:56[m[K,
                 from [01m[K/opt/ros/humble/include/pluginlib/pluginlib/class_list_macros.hpp:40[m[K,
                 from [01m[K/home/shriram/Desktop/ros2_practice/src/custom_nav2_costmap_plugin/src/gradient_layer.cpp:147[m[K:
[01m[K/home/shriram/Desktop/ros2_practice/src/custom_nav2_costmap_plugin/src/gradient_layer.cpp:148:24:[m[K [01;31m[Kerror: [m[Kâ€˜[01m[Kcustom_nav2_costmap_plugin[m[Kâ€™ does not name a type; did you mean â€˜[01m[Kcustom_nav2_costmap_plugin_core_EXPORTS[m[Kâ€™?
  148 | PLUGINLIB_EXPORT_CLASS([01;31m[Kcustom_nav2_costmap_plugin[m[K::GradientLayer, nav2_costmap_2d::Layer)
      |                        [01;31m[K^~~~~~~~~~~~~~~~~~~~~~~~~~[m[K
[01m[K/home/shriram/Desktop/ros2_practice/src/custom_nav2_costmap_plugin/src/gradient_layer.cpp:[m[K In constructor â€˜[01m[K{anonymous}::ProxyExec0::ProxyExec0()[m[Kâ€™:
[01m[K/home/shriram/Desktop/ros2_practice/src/custom_nav2_costmap_plugin/src/gradient_layer.cpp:148:1:[m[K [01;31m[Kerror: [m[Kâ€˜[01m[K_derived[m[Kâ€™ was not declared in this scope
  148 | [01;31m[KPLUGINLIB_EXPORT_CLASS[m[K(custom_nav2_costmap_plugin::GradientLayer, nav2_costmap_2d::Layer)
      | [01;31m[K^~~~~~~~~~~~~~~~~~~~~~[m[K
[01m[K/home/shriram/Desktop/ros2_practice/src/custom_nav2_costmap_plugin/src/gradient_layer.cpp:148:1:[m[K [01;31m[Kerror: [m[Kno matching function for call to â€˜[01m[KregisterPlugin<<expression error>, {anonymous}::ProxyExec0::_base>(const char [42], const char [23])[m[Kâ€™
  148 | [01;31m[KPLUGINLIB_EXPORT_CLASS[m[K(custom_nav2_costmap_plugin::GradientLayer, nav2_costmap_2d::Layer)
      | [01;31m[K^~~~~~~~~~~~~~~~~~~~~~[m[K
In file included from [01m[K/opt/ros/humble/include/class_loader/class_loader/class_loader.hpp:55[m[K,
                 from [01m[K/opt/ros/humble/include/pluginlib/pluginlib/class_list_macros.hpp:40[m[K,
                 from [01m[K/home/shriram/Desktop/ros2_practice/src/custom_nav2_costmap_plugin/src/gradient_layer.cpp:147[m[K:
[01m[K/opt/ros/humble/include/class_loader/class_loader/class_loader_core.hpp:210:6:[m[K [01;36m[Knote: [m[Kcandidate: â€˜[01m[Ktemplate<class Derived, class Base> void class_loader::impl::registerPlugin(const string&, const string&)[m[Kâ€™
  210 | void [01;36m[KregisterPlugin[m[K(const std::string & class_name, const std::string & base_class_name)
      |      [01;36m[K^~~~~~~~~~~~~~[m[K
[01m[K/opt/ros/humble/include/class_loader/class_loader/class_loader_core.hpp:210:6:[m[K [01;36m[Knote: [m[K  template argument deduction/substitution failed:
In file included from [01m[K/opt/ros/humble/include/class_loader/class_loader/class_loader.hpp:56[m[K,
                 from [01m[K/opt/ros/humble/include/pluginlib/pluginlib/class_list_macros.hpp:40[m[K,
                 from [01m[K/home/shriram/Desktop/ros2_practice/src/custom_nav2_costmap_plugin/src/gradient_layer.cpp:147[m[K:
[01m[K/home/shriram/Desktop/ros2_practice/src/custom_nav2_costmap_plugin/src/gradient_layer.cpp:148:1:[m[K [01;31m[Kerror: [m[Ktemplate argument 1 is invalid
  148 | [01;31m[KPLUGINLIB_EXPORT_CLASS[m[K(custom_nav2_costmap_plugin::GradientLayer, nav2_costmap_2d::Layer)
      | [01;31m[K^~~~~~~~~~~~~~~~~~~~~~[m[K
gmake[2]: *** [CMakeFiles/custom_nav2_costmap_plugin_core.dir/build.make:76: CMakeFiles/custom_nav2_costmap_plugin_core.dir/src/gradient_layer.cpp.o] Error 1
gmake[1]: *** [CMakeFiles/Makefile2:137: CMakeFiles/custom_nav2_costmap_plugin_core.dir/all] Error 2
gmake: *** [Makefile:146: all] Error 2
