[0.060s] Invoking command in '/home/shriram/Desktop/ros2_practice/build/custom_nav2_costmap_plugin': CMAKE_PREFIX_PATH=${CMAKE_PREFIX_PATH}:/home/shriram/Desktop/ros2_practice/install/tform:/home/shriram/Desktop/ros2_practice/install/robot_math:/home/shriram/Desktop/ros2_practice/install/practice:/home/shriram/Desktop/ros2_practice/install/mobile:/home/shriram/Desktop/ros2_practice/install/description:/home/shriram/Desktop/ros2_practice/install/cv_basics:/opt/ros/humble /usr/bin/cmake --build /home/shriram/Desktop/ros2_practice/build/custom_nav2_costmap_plugin -- -j12 -l12
[0.931s] -- Found ament_cmake: 1.3.5 (/opt/ros/humble/share/ament_cmake/cmake)
[0.931s] -- Found rclcpp: 16.0.5 (/opt/ros/humble/share/rclcpp/cmake)
[0.931s] -- Found rosidl_generator_c: 3.1.5 (/opt/ros/humble/share/rosidl_generator_c/cmake)
[0.931s] -- Found rosidl_adapter: 3.1.5 (/opt/ros/humble/share/rosidl_adapter/cmake)
[0.931s] -- Found rosidl_generator_cpp: 3.1.5 (/opt/ros/humble/share/rosidl_generator_cpp/cmake)
[0.931s] -- Using all available rosidl_typesupport_c: rosidl_typesupport_fastrtps_c;rosidl_typesupport_introspection_c
[0.931s] -- Using all available rosidl_typesupport_cpp: rosidl_typesupport_fastrtps_cpp;rosidl_typesupport_introspection_cpp
[0.931s] -- Found rmw_implementation_cmake: 6.1.1 (/opt/ros/humble/share/rmw_implementation_cmake/cmake)
[0.932s] -- Found rmw_cyclonedds_cpp: 1.3.4 (/opt/ros/humble/share/rmw_cyclonedds_cpp/cmake)
[0.932s] -- Using RMW implementation 'rmw_cyclonedds_cpp' as default
[0.932s] -- Found nav2_costmap_2d: 1.1.9 (/opt/ros/humble/share/nav2_costmap_2d/cmake)
[1.381s] -- Ensuring Eigen3 include directory is part of orocos-kdl CMake target
[2.283s] -- Found ament_lint_auto: 0.12.7 (/opt/ros/humble/share/ament_lint_auto/cmake)
[2.807s] -- Added test 'cppcheck' to perform static code analysis on C / C++ code
[2.807s] -- Configured cppcheck include dirs: /home/shriram/Desktop/ros2_practice/src/custom_nav2_costmap_plugin/include
[2.808s] -- Configured cppcheck exclude dirs and/or files: 
[2.808s] -- Added test 'lint_cmake' to check CMake code style
[2.813s] -- Added test 'uncrustify' to check C / C++ code style
[2.813s] -- Configured uncrustify additional arguments: 
[2.814s] -- Added test 'xmllint' to check XML markup files
[2.814s] -- Configuring done
[2.910s] -- Generating done
[2.914s] -- Build files have been written to: /home/shriram/Desktop/ros2_practice/build/custom_nav2_costmap_plugin
[2.951s] [ 50%] [32mBuilding CXX object CMakeFiles/custom_nav2_costmap_plugin_core.dir/src/gradient_layer.cpp.o[0m
[5.235s] In file included from [01m[K/home/shriram/Desktop/ros2_practice/src/custom_nav2_costmap_plugin/src/gradient_layer.cpp:1[m[K:
[5.236s] [01m[K/home/shriram/Desktop/ros2_practice/src/custom_nav2_costmap_plugin/include/custom_nav2_costmap_plugin/gradient_layer.hpp:6:1:[m[K [01;31m[Kerror: [m[Kâ€˜[01m[Kâ€‹[m[Kâ€™ does not name a type
[5.236s]     6 | [01;31m[Kâ€‹[m[K
[5.236s]       |  
[5.236s] [01m[K/home/shriram/Desktop/ros2_practice/src/custom_nav2_costmap_plugin/include/custom_nav2_costmap_plugin/gradient_layer.hpp:47:1:[m[K [01;31m[Kerror: [m[Kâ€˜[01m[Kâ€‹[m[Kâ€™ does not name a type
[5.236s]    47 | [01;31m[Kâ€‹[m[K
[5.236s]       |  
[5.256s] [01m[K/home/shriram/Desktop/ros2_practice/src/custom_nav2_costmap_plugin/src/gradient_layer.cpp:6:1:[m[K [01;31m[Kerror: [m[Kâ€˜[01m[Kâ€‹[m[Kâ€™ does not name a type
[5.256s]     6 | [01;31m[Kâ€‹[m[K
[5.256s]       |  
[5.257s] [01m[K/home/shriram/Desktop/ros2_practice/src/custom_nav2_costmap_plugin/src/gradient_layer.cpp:10:1:[m[K [01;31m[Kerror: [m[Kâ€˜[01m[Kâ€‹[m[Kâ€™ does not name a type
[5.257s]    10 | [01;31m[Kâ€‹[m[K
[5.257s]       |  
[5.258s] [01m[K/home/shriram/Desktop/ros2_practice/src/custom_nav2_costmap_plugin/src/gradient_layer.cpp:143:1:[m[K [01;31m[Kerror: [m[Kâ€˜[01m[Kâ€‹[m[Kâ€™ does not name a type
[5.258s]   143 | [01;31m[Kâ€‹[m[K
[5.258s]       |  
[5.272s] In file included from [01m[K/opt/ros/humble/include/class_loader/class_loader/class_loader.hpp:56[m[K,
[5.272s]                  from [01m[K/opt/ros/humble/include/pluginlib/pluginlib/class_list_macros.hpp:40[m[K,
[5.272s]                  from [01m[K/home/shriram/Desktop/ros2_practice/src/custom_nav2_costmap_plugin/src/gradient_layer.cpp:147[m[K:
[5.272s] [01m[K/home/shriram/Desktop/ros2_practice/src/custom_nav2_costmap_plugin/src/gradient_layer.cpp:148:24:[m[K [01;31m[Kerror: [m[Kâ€˜[01m[Kcustom_nav2_costmap_plugin[m[Kâ€™ does not name a type; did you mean â€˜[01m[Kcustom_nav2_costmap_plugin_core_EXPORTS[m[Kâ€™?
[5.272s]   148 | PLUGINLIB_EXPORT_CLASS([01;31m[Kcustom_nav2_costmap_plugin[m[K::GradientLayer, nav2_costmap_2d::Layer)
[5.272s]       |                        [01;31m[K^~~~~~~~~~~~~~~~~~~~~~~~~~[m[K
[5.278s] [01m[K/home/shriram/Desktop/ros2_practice/src/custom_nav2_costmap_plugin/src/gradient_layer.cpp:[m[K In constructor â€˜[01m[K{anonymous}::ProxyExec0::ProxyExec0()[m[Kâ€™:
[5.278s] [01m[K/home/shriram/Desktop/ros2_practice/src/custom_nav2_costmap_plugin/src/gradient_layer.cpp:148:1:[m[K [01;31m[Kerror: [m[Kâ€˜[01m[K_derived[m[Kâ€™ was not declared in this scope
[5.279s]   148 | [01;31m[KPLUGINLIB_EXPORT_CLASS[m[K(custom_nav2_costmap_plugin::GradientLayer, nav2_costmap_2d::Layer)
[5.279s]       | [01;31m[K^~~~~~~~~~~~~~~~~~~~~~[m[K
[5.279s] [01m[K/home/shriram/Desktop/ros2_practice/src/custom_nav2_costmap_plugin/src/gradient_layer.cpp:148:1:[m[K [01;31m[Kerror: [m[Kno matching function for call to â€˜[01m[KregisterPlugin<<expression error>, {anonymous}::ProxyExec0::_base>(const char [42], const char [23])[m[Kâ€™
[5.279s]   148 | [01;31m[KPLUGINLIB_EXPORT_CLASS[m[K(custom_nav2_costmap_plugin::GradientLayer, nav2_costmap_2d::Layer)
[5.279s]       | [01;31m[K^~~~~~~~~~~~~~~~~~~~~~[m[K
[5.279s] In file included from [01m[K/opt/ros/humble/include/class_loader/class_loader/class_loader.hpp:55[m[K,
[5.279s]                  from [01m[K/opt/ros/humble/include/pluginlib/pluginlib/class_list_macros.hpp:40[m[K,
[5.279s]                  from [01m[K/home/shriram/Desktop/ros2_practice/src/custom_nav2_costmap_plugin/src/gradient_layer.cpp:147[m[K:
[5.279s] [01m[K/opt/ros/humble/include/class_loader/class_loader/class_loader_core.hpp:210:6:[m[K [01;36m[Knote: [m[Kcandidate: â€˜[01m[Ktemplate<class Derived, class Base> void class_loader::impl::registerPlugin(const string&, const string&)[m[Kâ€™
[5.279s]   210 | void [01;36m[KregisterPlugin[m[K(const std::string & class_name, const std::string & base_class_name)
[5.279s]       |      [01;36m[K^~~~~~~~~~~~~~[m[K
[5.279s] [01m[K/opt/ros/humble/include/class_loader/class_loader/class_loader_core.hpp:210:6:[m[K [01;36m[Knote: [m[K  template argument deduction/substitution failed:
[5.279s] In file included from [01m[K/opt/ros/humble/include/class_loader/class_loader/class_loader.hpp:56[m[K,
[5.280s]                  from [01m[K/opt/ros/humble/include/pluginlib/pluginlib/class_list_macros.hpp:40[m[K,
[5.280s]                  from [01m[K/home/shriram/Desktop/ros2_practice/src/custom_nav2_costmap_plugin/src/gradient_layer.cpp:147[m[K:
[5.280s] [01m[K/home/shriram/Desktop/ros2_practice/src/custom_nav2_costmap_plugin/src/gradient_layer.cpp:148:1:[m[K [01;31m[Kerror: [m[Ktemplate argument 1 is invalid
[5.280s]   148 | [01;31m[KPLUGINLIB_EXPORT_CLASS[m[K(custom_nav2_costmap_plugin::GradientLayer, nav2_costmap_2d::Layer)
[5.280s]       | [01;31m[K^~~~~~~~~~~~~~~~~~~~~~[m[K
[5.724s] gmake[2]: *** [CMakeFiles/custom_nav2_costmap_plugin_core.dir/build.make:76: CMakeFiles/custom_nav2_costmap_plugin_core.dir/src/gradient_layer.cpp.o] Error 1
[5.724s] gmake[1]: *** [CMakeFiles/Makefile2:137: CMakeFiles/custom_nav2_costmap_plugin_core.dir/all] Error 2
[5.724s] gmake: *** [Makefile:146: all] Error 2
[5.728s] Invoked command in '/home/shriram/Desktop/ros2_practice/build/custom_nav2_costmap_plugin' returned '2': CMAKE_PREFIX_PATH=${CMAKE_PREFIX_PATH}:/home/shriram/Desktop/ros2_practice/install/tform:/home/shriram/Desktop/ros2_practice/install/robot_math:/home/shriram/Desktop/ros2_practice/install/practice:/home/shriram/Desktop/ros2_practice/install/mobile:/home/shriram/Desktop/ros2_practice/install/description:/home/shriram/Desktop/ros2_practice/install/cv_basics:/opt/ros/humble /usr/bin/cmake --build /home/shriram/Desktop/ros2_practice/build/custom_nav2_costmap_plugin -- -j12 -l12
