In file included from [01m[K/home/shriram/Desktop/ros2_practice/src/custom_plugin/src/StopBotAction.cpp:1[m[K:
[01m[K/home/shriram/Desktop/ros2_practice/src/custom_plugin/include/StopBotAction.h:4:10:[m[K [01;31m[Kfatal error: [m[Kbehaviortree_cpp_v3/action_node.h: No such file or directory
    4 | #include [01;31m[K"behaviortree_cpp_v3/action_node.h"[m[K
      |          [01;31m[K^~~~~~~~~~~~~~~~~~~~~~~~~~~~~~~~~~~[m[K
compilation terminated.
gmake[2]: *** [CMakeFiles/SHARED.dir/build.make:76: CMakeFiles/SHARED.dir/src/StopBotAction.cpp.o] Error 1
gmake[1]: *** [CMakeFiles/Makefile2:137: CMakeFiles/SHARED.dir/all] Error 2
gmake: *** [Makefile:146: all] Error 2
