[01m[K/home/shriram/Desktop/ros2_practice/src/custom_nav2_costmap_plugin/src/gradient_layer.cpp:2:1:[m[K [01;31m[Kerror: [m[Kâ€˜[01m[Kâ€‹[m[Kâ€™ does not name a type
    2 | [01;31m[Kâ€‹[m[K
      |  
[01m[K/home/shriram/Desktop/ros2_practice/src/custom_nav2_costmap_plugin/src/gradient_layer.cpp:6:1:[m[K [01;31m[Kerror: [m[Kâ€˜[01m[Kâ€‹[m[Kâ€™ does not name a type
    6 | [01;31m[Kâ€‹[m[K
      |  
[01m[K/home/shriram/Desktop/ros2_practice/src/custom_nav2_costmap_plugin/src/gradient_layer.cpp:10:1:[m[K [01;31m[Kerror: [m[Kâ€˜[01m[Kâ€‹[m[Kâ€™ does not name a type
   10 | [01;31m[Kâ€‹[m[K
      |  
[01m[K/home/shriram/Desktop/ros2_practice/src/custom_nav2_costmap_plugin/src/gradient_layer.cpp:143:1:[m[K [01;31m[Kerror: [m[Kâ€˜[01m[Kâ€‹[m[Kâ€™ does not name a type
  143 | [01;31m[Kâ€‹[m[K
      |  
gmake[2]: *** [CMakeFiles/custom_nav2_costmap_plugin_core.dir/build.make:76: CMakeFiles/custom_nav2_costmap_plugin_core.dir/src/gradient_layer.cpp.o] Error 1
gmake[1]: *** [CMakeFiles/Makefile2:137: CMakeFiles/custom_nav2_costmap_plugin_core.dir/all] Error 2
gmake: *** [Makefile:146: all] Error 2
