[0.059s] Invoking command in '/home/shriram/Desktop/ros2_practice/build/custom_nav2_costmap_plugin': CMAKE_PREFIX_PATH=${CMAKE_PREFIX_PATH}:/home/shriram/Desktop/ros2_practice/install/tform:/home/shriram/Desktop/ros2_practice/install/robot_math:/home/shriram/Desktop/ros2_practice/install/practice:/home/shriram/Desktop/ros2_practice/install/mobile:/home/shriram/Desktop/ros2_practice/install/description:/home/shriram/Desktop/ros2_practice/install/cv_basics:/opt/ros/humble /usr/bin/cmake --build /home/shriram/Desktop/ros2_practice/build/custom_nav2_costmap_plugin -- -j12 -l12
[1.290s] [35m[1mConsolidate compiler generated dependencies of target custom_nav2_costmap_plugin_core[0m
[1.290s] [ 50%] [32mBuilding CXX object CMakeFiles/custom_nav2_costmap_plugin_core.dir/src/gradient_layer.cpp.o[0m
[3.083s] [01m[K/home/shriram/Desktop/ros2_practice/src/custom_nav2_costmap_plugin/src/gradient_layer.cpp:2:1:[m[K [01;31m[Kerror: [m[Kâ€˜[01m[Kâ€‹[m[Kâ€™ does not name a type
[3.083s]     2 | [01;31m[Kâ€‹[m[K
[3.083s]       |  
[3.109s] [01m[K/home/shriram/Desktop/ros2_practice/src/custom_nav2_costmap_plugin/src/gradient_layer.cpp:6:1:[m[K [01;31m[Kerror: [m[Kâ€˜[01m[Kâ€‹[m[Kâ€™ does not name a type
[3.109s]     6 | [01;31m[Kâ€‹[m[K
[3.109s]       |  
[3.111s] [01m[K/home/shriram/Desktop/ros2_practice/src/custom_nav2_costmap_plugin/src/gradient_layer.cpp:10:1:[m[K [01;31m[Kerror: [m[Kâ€˜[01m[Kâ€‹[m[Kâ€™ does not name a type
[3.111s]    10 | [01;31m[Kâ€‹[m[K
[3.111s]       |  
[3.113s] [01m[K/home/shriram/Desktop/ros2_practice/src/custom_nav2_costmap_plugin/src/gradient_layer.cpp:143:1:[m[K [01;31m[Kerror: [m[Kâ€˜[01m[Kâ€‹[m[Kâ€™ does not name a type
[3.113s]   143 | [01;31m[Kâ€‹[m[K
[3.113s]       |  
[3.523s] gmake[2]: *** [CMakeFiles/custom_nav2_costmap_plugin_core.dir/build.make:76: CMakeFiles/custom_nav2_costmap_plugin_core.dir/src/gradient_layer.cpp.o] Error 1
[3.523s] gmake[1]: *** [CMakeFiles/Makefile2:137: CMakeFiles/custom_nav2_costmap_plugin_core.dir/all] Error 2
[3.523s] gmake: *** [Makefile:146: all] Error 2
