[0.636s] Invoking command in '/home/shriram/Desktop/ros2_practice/build/my_stop_bot': CMAKE_PREFIX_PATH=${CMAKE_PREFIX_PATH}:/home/shriram/Desktop/ros2_practice/install/tform:/home/shriram/Desktop/ros2_practice/install/robot_math:/home/shriram/Desktop/ros2_practice/install/practice:/home/shriram/Desktop/ros2_practice/install/mobile:/home/shriram/Desktop/ros2_practice/install/description:/home/shriram/Desktop/ros2_practice/install/cv_basics:/opt/ros/humble /usr/bin/cmake /home/shriram/Desktop/ros2_practice/src/my_stop_bot -DCMAKE_INSTALL_PREFIX=/home/shriram/Desktop/ros2_practice/install/my_stop_bot
[1.339s] -- The C compiler identification is GNU 11.4.0
[1.339s] -- The CXX compiler identification is GNU 11.4.0
[1.339s] -- Detecting C compiler ABI info
[1.340s] -- Detecting C compiler ABI info - done
[1.340s] -- Check for working C compiler: /usr/bin/cc - skipped
[1.340s] -- Detecting C compile features
[1.340s] -- Detecting C compile features - done
[1.340s] -- Detecting CXX compiler ABI info
[1.340s] -- Detecting CXX compiler ABI info - done
[1.340s] -- Check for working CXX compiler: /usr/bin/c++ - skipped
[1.340s] -- Detecting CXX compile features
[1.340s] -- Detecting CXX compile features - done
[1.340s] -- Found ament_cmake: 1.3.5 (/opt/ros/humble/share/ament_cmake/cmake)
[1.340s] -- Found Python3: /usr/bin/python3.10 (found version "3.10.12") found components: Interpreter 
[1.340s] -- Found rclcpp: 16.0.5 (/opt/ros/humble/share/rclcpp/cmake)
[1.340s] -- Found rosidl_generator_c: 3.1.5 (/opt/ros/humble/share/rosidl_generator_c/cmake)
[1.340s] -- Found rosidl_adapter: 3.1.5 (/opt/ros/humble/share/rosidl_adapter/cmake)
[1.340s] -- Found rosidl_generator_cpp: 3.1.5 (/opt/ros/humble/share/rosidl_generator_cpp/cmake)
[1.340s] -- Using all available rosidl_typesupport_c: rosidl_typesupport_fastrtps_c;rosidl_typesupport_introspection_c
[1.366s] -- Using all available rosidl_typesupport_cpp: rosidl_typesupport_fastrtps_cpp;rosidl_typesupport_introspection_cpp
[1.467s] -- Found rmw_implementation_cmake: 6.1.1 (/opt/ros/humble/share/rmw_implementation_cmake/cmake)
[1.476s] -- Found rmw_cyclonedds_cpp: 1.3.4 (/opt/ros/humble/share/rmw_cyclonedds_cpp/cmake)
[1.508s] -- Using RMW implementation 'rmw_cyclonedds_cpp' as default
[1.520s] -- Looking for pthread.h
[1.582s] -- Looking for pthread.h - found
[1.582s] -- Performing Test CMAKE_HAVE_LIBC_PTHREAD
[1.649s] -- Performing Test CMAKE_HAVE_LIBC_PTHREAD - Success
[1.649s] -- Found Threads: TRUE  
[1.872s] -- Found rclcpp_action: 16.0.5 (/opt/ros/humble/share/rclcpp_action/cmake)
[1.962s] -- Found nav2_msgs: 1.1.9 (/opt/ros/humble/share/nav2_msgs/cmake)
[2.238s] -- Found ament_lint_auto: 0.12.7 (/opt/ros/humble/share/ament_lint_auto/cmake)
[2.333s] -- Added test 'cppcheck' to perform static code analysis on C / C++ code
[2.333s] -- Configured cppcheck include dirs: 
[2.333s] -- Configured cppcheck exclude dirs and/or files: 
[2.334s] -- Added test 'lint_cmake' to check CMake code style
[2.335s] -- Added test 'uncrustify' to check C / C++ code style
[2.335s] -- Configured uncrustify additional arguments: 
[2.336s] -- Added test 'xmllint' to check XML markup files
[2.338s] -- Configuring done
[2.351s] -- Generating done
[2.354s] -- Build files have been written to: /home/shriram/Desktop/ros2_practice/build/my_stop_bot
[2.363s] Invoked command in '/home/shriram/Desktop/ros2_practice/build/my_stop_bot' returned '0': CMAKE_PREFIX_PATH=${CMAKE_PREFIX_PATH}:/home/shriram/Desktop/ros2_practice/install/tform:/home/shriram/Desktop/ros2_practice/install/robot_math:/home/shriram/Desktop/ros2_practice/install/practice:/home/shriram/Desktop/ros2_practice/install/mobile:/home/shriram/Desktop/ros2_practice/install/description:/home/shriram/Desktop/ros2_practice/install/cv_basics:/opt/ros/humble /usr/bin/cmake /home/shriram/Desktop/ros2_practice/src/my_stop_bot -DCMAKE_INSTALL_PREFIX=/home/shriram/Desktop/ros2_practice/install/my_stop_bot
[2.365s] Invoking command in '/home/shriram/Desktop/ros2_practice/build/my_stop_bot': CMAKE_PREFIX_PATH=${CMAKE_PREFIX_PATH}:/home/shriram/Desktop/ros2_practice/install/tform:/home/shriram/Desktop/ros2_practice/install/robot_math:/home/shriram/Desktop/ros2_practice/install/practice:/home/shriram/Desktop/ros2_practice/install/mobile:/home/shriram/Desktop/ros2_practice/install/description:/home/shriram/Desktop/ros2_practice/install/cv_basics:/opt/ros/humble /usr/bin/cmake --build /home/shriram/Desktop/ros2_practice/build/my_stop_bot -- -j12 -l12
[2.417s] [ 50%] [32mBuilding CXX object CMakeFiles/stop_bot.dir/src/stop_bot.cpp.o[0m
[4.576s] [01m[K/home/shriram/Desktop/ros2_practice/src/my_stop_bot/src/stop_bot.cpp:[m[K In member function â€˜[01m[Kvoid StopBot::stop_robot()[m[Kâ€™:
[4.576s] [01m[K/home/shriram/Desktop/ros2_practice/src/my_stop_bot/src/stop_bot.cpp:29:21:[m[K [01;31m[Kerror: [m[Kâ€˜[01m[Krclcpp::executor[m[Kâ€™ has not been declared
[4.576s]    29 |             rclcpp::[01;31m[Kexecutor[m[K::FutureReturnCode::SUCCESS)
[4.576s]       |                     [01;31m[K^~~~~~~~[m[K
[4.581s] [01m[K/home/shriram/Desktop/ros2_practice/src/my_stop_bot/src/stop_bot.cpp:45:21:[m[K [01;31m[Kerror: [m[Kâ€˜[01m[Krclcpp::executor[m[Kâ€™ has not been declared
[4.582s]    45 |             rclcpp::[01;31m[Kexecutor[m[K::FutureReturnCode::SUCCESS)
[4.582s]       |                     [01;31m[K^~~~~~~~[m[K
[5.195s] gmake[2]: *** [CMakeFiles/stop_bot.dir/build.make:76: CMakeFiles/stop_bot.dir/src/stop_bot.cpp.o] Error 1
[5.195s] gmake[1]: *** [CMakeFiles/Makefile2:137: CMakeFiles/stop_bot.dir/all] Error 2
[5.195s] gmake: *** [Makefile:146: all] Error 2
[5.198s] Invoked command in '/home/shriram/Desktop/ros2_practice/build/my_stop_bot' returned '2': CMAKE_PREFIX_PATH=${CMAKE_PREFIX_PATH}:/home/shriram/Desktop/ros2_practice/install/tform:/home/shriram/Desktop/ros2_practice/install/robot_math:/home/shriram/Desktop/ros2_practice/install/practice:/home/shriram/Desktop/ros2_practice/install/mobile:/home/shriram/Desktop/ros2_practice/install/description:/home/shriram/Desktop/ros2_practice/install/cv_basics:/opt/ros/humble /usr/bin/cmake --build /home/shriram/Desktop/ros2_practice/build/my_stop_bot -- -j12 -l12
