[01m[K/home/shriram/Desktop/ros2_practice/src/nodes2/src/subscriber.cpp:[m[K In constructor â€˜[01m[KMinimalSubscriber::MinimalSubscriber()[m[Kâ€™:
[01m[K/home/shriram/Desktop/ros2_practice/src/nodes2/src/subscriber.cpp:14:7:[m[K [01;31m[Kerror: [m[Kâ€˜[01m[Ksubscription_1[m[Kâ€™ was not declared in this scope; did you mean â€˜[01m[Ksubscription_[m[Kâ€™?
   14 |       [01;31m[Ksubscription_1[m[K = this->create_subscription<std_msgs::msg::String>(
      |       [01;31m[K^~~~~~~~~~~~~~[m[K
      |       [32m[Ksubscription_[m[K
[01m[K/home/shriram/Desktop/ros2_practice/src/nodes2/src/subscriber.cpp:16:7:[m[K [01;31m[Kerror: [m[Kâ€˜[01m[Ksubscription_2[m[Kâ€™ was not declared in this scope; did you mean â€˜[01m[Ksubscription_[m[Kâ€™?
   16 |       [01;31m[Ksubscription_2[m[K = this->create_subscription<std_msgs::msg::String>(
      |       [01;31m[K^~~~~~~~~~~~~~[m[K
      |       [32m[Ksubscription_[m[K
In file included from [01m[K/opt/ros/humble/include/rclcpp/rclcpp/logging.hpp:24[m[K,
                 from [01m[K/opt/ros/humble/include/rclcpp/rclcpp/client.hpp:40[m[K,
                 from [01m[K/opt/ros/humble/include/rclcpp/rclcpp/callback_group.hpp:24[m[K,
                 from [01m[K/opt/ros/humble/include/rclcpp/rclcpp/any_executable.hpp:20[m[K,
                 from [01m[K/opt/ros/humble/include/rclcpp/rclcpp/memory_strategy.hpp:25[m[K,
                 from [01m[K/opt/ros/humble/include/rclcpp/rclcpp/memory_strategies.hpp:18[m[K,
                 from [01m[K/opt/ros/humble/include/rclcpp/rclcpp/executor_options.hpp:20[m[K,
                 from [01m[K/opt/ros/humble/include/rclcpp/rclcpp/executor.hpp:37[m[K,
                 from [01m[K/opt/ros/humble/include/rclcpp/rclcpp/executors/multi_threaded_executor.hpp:25[m[K,
                 from [01m[K/opt/ros/humble/include/rclcpp/rclcpp/executors.hpp:21[m[K,
                 from [01m[K/opt/ros/humble/include/rclcpp/rclcpp/rclcpp.hpp:155[m[K,
                 from [01m[K/home/shriram/Desktop/ros2_practice/src/nodes2/src/subscriber.cpp:3[m[K:
[01m[K/home/shriram/Desktop/ros2_practice/src/nodes2/src/subscriber.cpp:[m[K In member function â€˜[01m[Kvoid MinimalSubscriber::topic_callback2(const String&) const[m[Kâ€™:
[01m[K/home/shriram/Desktop/ros2_practice/src/nodes2/src/subscriber.cpp:27:40:[m[K [01;35m[Kwarning: [m[Kformat â€˜[01m[K%d[m[Kâ€™ expects argument of type â€˜[01m[Kint[m[Kâ€™, but argument 5 has type â€˜[01m[Kconst _data_type[m[Kâ€™ {aka â€˜[01m[Kconst std::__cxx11::basic_string<char>[m[Kâ€™} [[01;35m[K]8;;https://gcc.gnu.org/onlinedocs/gcc/Warning-Options.html#index-Wformat=-Wformat=]8;;[m[K]
   27 |       RCLCPP_FATAL(this->get_logger(), [01;35m[K"Int_Sub '%d'"[m[K, msg.data);
      |                                        [01;35m[K^~~~~~~~~~~~~~[m[K
[01m[K/home/shriram/Desktop/ros2_practice/src/nodes2/src/subscriber.cpp:27:51:[m[K [01;36m[Knote: [m[Kformat string is defined here
   27 |       RCLCPP_FATAL(this->get_logger(), "Int_Sub '[01;36m[K%d[m[K'", msg.data);
      |                                                  [01;36m[K~^[m[K
      |                                                   [01;36m[K|[m[K
      |                                                   [01;36m[Kint[m[K
gmake[2]: *** [CMakeFiles/sub_node.dir/build.make:76: CMakeFiles/sub_node.dir/src/subscriber.cpp.o] Error 1
gmake[1]: *** [CMakeFiles/Makefile2:165: CMakeFiles/sub_node.dir/all] Error 2
gmake: *** [Makefile:146: all] Error 2
